<?xml version="1.0" encoding="UTF-8"?>
<testsuite xmlns:xsi="http://www.w3.org/2001/XMLSchema-instance" xsi:noNamespaceSchemaLocation="https://maven.apache.org/surefire/maven-surefire-plugin/xsd/surefire-test-report-3.0.xsd" version="3.0" name="com.universidadbackend.repositorios.AlumnoRepositoryTest" time="4.126" tests="2" errors="0" skipped="0" failures="0">
  <properties>
    <property name="java.specification.version" value="20"/>
    <property name="sun.cpu.isalist" value="amd64"/>
    <property name="sun.jnu.encoding" value="Cp1252"/>
    <property name="java.class.path" value="C:\Users\Laptop\Desktop\universidad-backend-test-unitario\universidad-backend\target\test-classes;C:\Users\Laptop\Desktop\universidad-backend-test-unitario\universidad-backend\target\classes;C:\Users\Laptop\.m2\repository\org\springframework\boot\spring-boot-starter-data-jpa\3.1.2\spring-boot-starter-data-jpa-3.1.2.jar;C:\Users\Laptop\.m2\repository\org\springframework\boot\spring-boot-starter-aop\3.1.2\spring-boot-starter-aop-3.1.2.jar;C:\Users\Laptop\.m2\repository\org\springframework\spring-aop\6.0.11\spring-aop-6.0.11.jar;C:\Users\Laptop\.m2\repository\org\aspectj\aspectjweaver\1.9.19\aspectjweaver-1.9.19.jar;C:\Users\Laptop\.m2\repository\org\springframework\boot\spring-boot-starter-jdbc\3.1.2\spring-boot-starter-jdbc-3.1.2.jar;C:\Users\Laptop\.m2\repository\com\zaxxer\HikariCP\5.0.1\HikariCP-5.0.1.jar;C:\Users\Laptop\.m2\repository\org\springframework\spring-jdbc\6.0.11\spring-jdbc-6.0.11.jar;C:\Users\Laptop\.m2\repository\org\hibernate\orm\hibernate-core\6.2.6.Final\hibernate-core-6.2.6.Final.jar;C:\Users\Laptop\.m2\repository\jakarta\persistence\jakarta.persistence-api\3.1.0\jakarta.persistence-api-3.1.0.jar;C:\Users\Laptop\.m2\repository\jakarta\transaction\jakarta.transaction-api\2.0.1\jakarta.transaction-api-2.0.1.jar;C:\Users\Laptop\.m2\repository\org\jboss\logging\jboss-logging\3.5.3.Final\jboss-logging-3.5.3.Final.jar;C:\Users\Laptop\.m2\repository\org\hibernate\common\hibernate-commons-annotations\6.0.6.Final\hibernate-commons-annotations-6.0.6.Final.jar;C:\Users\Laptop\.m2\repository\io\smallrye\jandex\3.0.5\jandex-3.0.5.jar;C:\Users\Laptop\.m2\repository\com\fasterxml\classmate\1.5.1\classmate-1.5.1.jar;C:\Users\Laptop\.m2\repository\net\bytebuddy\byte-buddy\1.14.5\byte-buddy-1.14.5.jar;C:\Users\Laptop\.m2\repository\org\glassfish\jaxb\jaxb-runtime\4.0.3\jaxb-runtime-4.0.3.jar;C:\Users\Laptop\.m2\repository\org\glassfish\jaxb\jaxb-core\4.0.3\jaxb-core-4.0.3.jar;C:\Users\Laptop\.m2\repository\org\eclipse\angus\angus-activation\2.0.1\angus-activation-2.0.1.jar;C:\Users\Laptop\.m2\repository\org\glassfish\jaxb\txw2\4.0.3\txw2-4.0.3.jar;C:\Users\Laptop\.m2\repository\com\sun\istack\istack-commons-runtime\4.1.2\istack-commons-runtime-4.1.2.jar;C:\Users\Laptop\.m2\repository\jakarta\inject\jakarta.inject-api\2.0.1\jakarta.inject-api-2.0.1.jar;C:\Users\Laptop\.m2\repository\org\antlr\antlr4-runtime\4.10.1\antlr4-runtime-4.10.1.jar;C:\Users\Laptop\.m2\repository\org\springframework\data\spring-data-jpa\3.1.2\spring-data-jpa-3.1.2.jar;C:\Users\Laptop\.m2\repository\org\springframework\data\spring-data-commons\3.1.2\spring-data-commons-3.1.2.jar;C:\Users\Laptop\.m2\repository\org\springframework\spring-orm\6.0.11\spring-orm-6.0.11.jar;C:\Users\Laptop\.m2\repository\org\springframework\spring-context\6.0.11\spring-context-6.0.11.jar;C:\Users\Laptop\.m2\repository\org\springframework\spring-expression\6.0.11\spring-expression-6.0.11.jar;C:\Users\Laptop\.m2\repository\org\springframework\spring-tx\6.0.11\spring-tx-6.0.11.jar;C:\Users\Laptop\.m2\repository\org\springframework\spring-beans\6.0.11\spring-beans-6.0.11.jar;C:\Users\Laptop\.m2\repository\jakarta\annotation\jakarta.annotation-api\2.1.1\jakarta.annotation-api-2.1.1.jar;C:\Users\Laptop\.m2\repository\org\slf4j\slf4j-api\2.0.7\slf4j-api-2.0.7.jar;C:\Users\Laptop\.m2\repository\org\springframework\spring-aspects\6.0.11\spring-aspects-6.0.11.jar;C:\Users\Laptop\.m2\repository\org\postgresql\postgresql\42.6.0\postgresql-42.6.0.jar;C:\Users\Laptop\.m2\repository\org\checkerframework\checker-qual\3.31.0\checker-qual-3.31.0.jar;C:\Users\Laptop\.m2\repository\org\springframework\boot\spring-boot-starter-test\3.1.2\spring-boot-starter-test-3.1.2.jar;C:\Users\Laptop\.m2\repository\org\springframework\boot\spring-boot-starter\3.1.2\spring-boot-starter-3.1.2.jar;C:\Users\Laptop\.m2\repository\org\springframework\boot\spring-boot\3.1.2\spring-boot-3.1.2.jar;C:\Users\Laptop\.m2\repository\org\springframework\boot\spring-boot-autoconfigure\3.1.2\spring-boot-autoconfigure-3.1.2.jar;C:\Users\Laptop\.m2\repository\org\springframework\boot\spring-boot-starter-logging\3.1.2\spring-boot-starter-logging-3.1.2.jar;C:\Users\Laptop\.m2\repository\ch\qos\logback\logback-classic\1.4.8\logback-classic-1.4.8.jar;C:\Users\Laptop\.m2\repository\ch\qos\logback\logback-core\1.4.8\logback-core-1.4.8.jar;C:\Users\Laptop\.m2\repository\org\apache\logging\log4j\log4j-to-slf4j\2.20.0\log4j-to-slf4j-2.20.0.jar;C:\Users\Laptop\.m2\repository\org\apache\logging\log4j\log4j-api\2.20.0\log4j-api-2.20.0.jar;C:\Users\Laptop\.m2\repository\org\slf4j\jul-to-slf4j\2.0.7\jul-to-slf4j-2.0.7.jar;C:\Users\Laptop\.m2\repository\org\yaml\snakeyaml\1.33\snakeyaml-1.33.jar;C:\Users\Laptop\.m2\repository\org\springframework\boot\spring-boot-test\3.1.2\spring-boot-test-3.1.2.jar;C:\Users\Laptop\.m2\repository\org\springframework\boot\spring-boot-test-autoconfigure\3.1.2\spring-boot-test-autoconfigure-3.1.2.jar;C:\Users\Laptop\.m2\repository\com\jayway\jsonpath\json-path\2.8.0\json-path-2.8.0.jar;C:\Users\Laptop\.m2\repository\jakarta\xml\bind\jakarta.xml.bind-api\4.0.0\jakarta.xml.bind-api-4.0.0.jar;C:\Users\Laptop\.m2\repository\jakarta\activation\jakarta.activation-api\2.1.2\jakarta.activation-api-2.1.2.jar;C:\Users\Laptop\.m2\repository\net\minidev\json-smart\2.4.11\json-smart-2.4.11.jar;C:\Users\Laptop\.m2\repository\net\minidev\accessors-smart\2.4.11\accessors-smart-2.4.11.jar;C:\Users\Laptop\.m2\repository\org\ow2\asm\asm\9.3\asm-9.3.jar;C:\Users\Laptop\.m2\repository\org\assertj\assertj-core\3.24.2\assertj-core-3.24.2.jar;C:\Users\Laptop\.m2\repository\org\hamcrest\hamcrest\2.2\hamcrest-2.2.jar;C:\Users\Laptop\.m2\repository\org\junit\jupiter\junit-jupiter\5.9.3\junit-jupiter-5.9.3.jar;C:\Users\Laptop\.m2\repository\org\junit\jupiter\junit-jupiter-api\5.9.3\junit-jupiter-api-5.9.3.jar;C:\Users\Laptop\.m2\repository\org\opentest4j\opentest4j\1.2.0\opentest4j-1.2.0.jar;C:\Users\Laptop\.m2\repository\org\junit\platform\junit-platform-commons\1.9.3\junit-platform-commons-1.9.3.jar;C:\Users\Laptop\.m2\repository\org\apiguardian\apiguardian-api\1.1.2\apiguardian-api-1.1.2.jar;C:\Users\Laptop\.m2\repository\org\junit\jupiter\junit-jupiter-params\5.9.3\junit-jupiter-params-5.9.3.jar;C:\Users\Laptop\.m2\repository\org\junit\jupiter\junit-jupiter-engine\5.9.3\junit-jupiter-engine-5.9.3.jar;C:\Users\Laptop\.m2\repository\org\junit\platform\junit-platform-engine\1.9.3\junit-platform-engine-1.9.3.jar;C:\Users\Laptop\.m2\repository\org\mockito\mockito-core\5.3.1\mockito-core-5.3.1.jar;C:\Users\Laptop\.m2\repository\net\bytebuddy\byte-buddy-agent\1.14.5\byte-buddy-agent-1.14.5.jar;C:\Users\Laptop\.m2\repository\org\objenesis\objenesis\3.3\objenesis-3.3.jar;C:\Users\Laptop\.m2\repository\org\mockito\mockito-junit-jupiter\5.3.1\mockito-junit-jupiter-5.3.1.jar;C:\Users\Laptop\.m2\repository\org\skyscreamer\jsonassert\1.5.1\jsonassert-1.5.1.jar;C:\Users\Laptop\.m2\repository\com\vaadin\external\google\android-json\0.0.20131108.vaadin1\android-json-0.0.20131108.vaadin1.jar;C:\Users\Laptop\.m2\repository\org\springframework\spring-core\6.0.11\spring-core-6.0.11.jar;C:\Users\Laptop\.m2\repository\org\springframework\spring-jcl\6.0.11\spring-jcl-6.0.11.jar;C:\Users\Laptop\.m2\repository\org\springframework\spring-test\6.0.11\spring-test-6.0.11.jar;C:\Users\Laptop\.m2\repository\org\xmlunit\xmlunit-core\2.9.1\xmlunit-core-2.9.1.jar;C:\Users\Laptop\.m2\repository\com\h2database\h2\2.1.214\h2-2.1.214.jar;"/>
    <property name="java.vm.vendor" value="Oracle Corporation"/>
    <property name="sun.arch.data.model" value="64"/>
    <property name="user.variant" value=""/>
    <property name="java.vendor.url" value="https://java.oracle.com/"/>
    <property name="user.timezone" value="America/El_Salvador"/>
    <property name="org.jboss.logging.provider" value="slf4j"/>
    <property name="os.name" value="Windows 11"/>
    <property name="java.vm.specification.version" value="20"/>
    <property name="sun.java.launcher" value="SUN_STANDARD"/>
    <property name="user.country" value="SV"/>
    <property name="sun.boot.library.path" value="C:\Users\Laptop\.jdks\openjdk-20.0.1\bin"/>
    <property name="sun.java.command" value="C:\Users\Laptop\AppData\Local\Temp\surefire4107046141691923501\surefirebooter-20231124155831756_3.jar C:\Users\Laptop\AppData\Local\Temp\surefire4107046141691923501 2023-11-24T15-58-31_564-jvmRun1 surefire-20231124155831756_1tmp surefire_0-20231124155831756_2tmp"/>
    <property name="jdk.debug" value="release"/>
    <property name="surefire.test.class.path" value="C:\Users\Laptop\Desktop\universidad-backend-test-unitario\universidad-backend\target\test-classes;C:\Users\Laptop\Desktop\universidad-backend-test-unitario\universidad-backend\target\classes;C:\Users\Laptop\.m2\repository\org\springframework\boot\spring-boot-starter-data-jpa\3.1.2\spring-boot-starter-data-jpa-3.1.2.jar;C:\Users\Laptop\.m2\repository\org\springframework\boot\spring-boot-starter-aop\3.1.2\spring-boot-starter-aop-3.1.2.jar;C:\Users\Laptop\.m2\repository\org\springframework\spring-aop\6.0.11\spring-aop-6.0.11.jar;C:\Users\Laptop\.m2\repository\org\aspectj\aspectjweaver\1.9.19\aspectjweaver-1.9.19.jar;C:\Users\Laptop\.m2\repository\org\springframework\boot\spring-boot-starter-jdbc\3.1.2\spring-boot-starter-jdbc-3.1.2.jar;C:\Users\Laptop\.m2\repository\com\zaxxer\HikariCP\5.0.1\HikariCP-5.0.1.jar;C:\Users\Laptop\.m2\repository\org\springframework\spring-jdbc\6.0.11\spring-jdbc-6.0.11.jar;C:\Users\Laptop\.m2\repository\org\hibernate\orm\hibernate-core\6.2.6.Final\hibernate-core-6.2.6.Final.jar;C:\Users\Laptop\.m2\repository\jakarta\persistence\jakarta.persistence-api\3.1.0\jakarta.persistence-api-3.1.0.jar;C:\Users\Laptop\.m2\repository\jakarta\transaction\jakarta.transaction-api\2.0.1\jakarta.transaction-api-2.0.1.jar;C:\Users\Laptop\.m2\repository\org\jboss\logging\jboss-logging\3.5.3.Final\jboss-logging-3.5.3.Final.jar;C:\Users\Laptop\.m2\repository\org\hibernate\common\hibernate-commons-annotations\6.0.6.Final\hibernate-commons-annotations-6.0.6.Final.jar;C:\Users\Laptop\.m2\repository\io\smallrye\jandex\3.0.5\jandex-3.0.5.jar;C:\Users\Laptop\.m2\repository\com\fasterxml\classmate\1.5.1\classmate-1.5.1.jar;C:\Users\Laptop\.m2\repository\net\bytebuddy\byte-buddy\1.14.5\byte-buddy-1.14.5.jar;C:\Users\Laptop\.m2\repository\org\glassfish\jaxb\jaxb-runtime\4.0.3\jaxb-runtime-4.0.3.jar;C:\Users\Laptop\.m2\repository\org\glassfish\jaxb\jaxb-core\4.0.3\jaxb-core-4.0.3.jar;C:\Users\Laptop\.m2\repository\org\eclipse\angus\angus-activation\2.0.1\angus-activation-2.0.1.jar;C:\Users\Laptop\.m2\repository\org\glassfish\jaxb\txw2\4.0.3\txw2-4.0.3.jar;C:\Users\Laptop\.m2\repository\com\sun\istack\istack-commons-runtime\4.1.2\istack-commons-runtime-4.1.2.jar;C:\Users\Laptop\.m2\repository\jakarta\inject\jakarta.inject-api\2.0.1\jakarta.inject-api-2.0.1.jar;C:\Users\Laptop\.m2\repository\org\antlr\antlr4-runtime\4.10.1\antlr4-runtime-4.10.1.jar;C:\Users\Laptop\.m2\repository\org\springframework\data\spring-data-jpa\3.1.2\spring-data-jpa-3.1.2.jar;C:\Users\Laptop\.m2\repository\org\springframework\data\spring-data-commons\3.1.2\spring-data-commons-3.1.2.jar;C:\Users\Laptop\.m2\repository\org\springframework\spring-orm\6.0.11\spring-orm-6.0.11.jar;C:\Users\Laptop\.m2\repository\org\springframework\spring-context\6.0.11\spring-context-6.0.11.jar;C:\Users\Laptop\.m2\repository\org\springframework\spring-expression\6.0.11\spring-expression-6.0.11.jar;C:\Users\Laptop\.m2\repository\org\springframework\spring-tx\6.0.11\spring-tx-6.0.11.jar;C:\Users\Laptop\.m2\repository\org\springframework\spring-beans\6.0.11\spring-beans-6.0.11.jar;C:\Users\Laptop\.m2\repository\jakarta\annotation\jakarta.annotation-api\2.1.1\jakarta.annotation-api-2.1.1.jar;C:\Users\Laptop\.m2\repository\org\slf4j\slf4j-api\2.0.7\slf4j-api-2.0.7.jar;C:\Users\Laptop\.m2\repository\org\springframework\spring-aspects\6.0.11\spring-aspects-6.0.11.jar;C:\Users\Laptop\.m2\repository\org\postgresql\postgresql\42.6.0\postgresql-42.6.0.jar;C:\Users\Laptop\.m2\repository\org\checkerframework\checker-qual\3.31.0\checker-qual-3.31.0.jar;C:\Users\Laptop\.m2\repository\org\springframework\boot\spring-boot-starter-test\3.1.2\spring-boot-starter-test-3.1.2.jar;C:\Users\Laptop\.m2\repository\org\springframework\boot\spring-boot-starter\3.1.2\spring-boot-starter-3.1.2.jar;C:\Users\Laptop\.m2\repository\org\springframework\boot\spring-boot\3.1.2\spring-boot-3.1.2.jar;C:\Users\Laptop\.m2\repository\org\springframework\boot\spring-boot-autoconfigure\3.1.2\spring-boot-autoconfigure-3.1.2.jar;C:\Users\Laptop\.m2\repository\org\springframework\boot\spring-boot-starter-logging\3.1.2\spring-boot-starter-logging-3.1.2.jar;C:\Users\Laptop\.m2\repository\ch\qos\logback\logback-classic\1.4.8\logback-classic-1.4.8.jar;C:\Users\Laptop\.m2\repository\ch\qos\logback\logback-core\1.4.8\logback-core-1.4.8.jar;C:\Users\Laptop\.m2\repository\org\apache\logging\log4j\log4j-to-slf4j\2.20.0\log4j-to-slf4j-2.20.0.jar;C:\Users\Laptop\.m2\repository\org\apache\logging\log4j\log4j-api\2.20.0\log4j-api-2.20.0.jar;C:\Users\Laptop\.m2\repository\org\slf4j\jul-to-slf4j\2.0.7\jul-to-slf4j-2.0.7.jar;C:\Users\Laptop\.m2\repository\org\yaml\snakeyaml\1.33\snakeyaml-1.33.jar;C:\Users\Laptop\.m2\repository\org\springframework\boot\spring-boot-test\3.1.2\spring-boot-test-3.1.2.jar;C:\Users\Laptop\.m2\repository\org\springframework\boot\spring-boot-test-autoconfigure\3.1.2\spring-boot-test-autoconfigure-3.1.2.jar;C:\Users\Laptop\.m2\repository\com\jayway\jsonpath\json-path\2.8.0\json-path-2.8.0.jar;C:\Users\Laptop\.m2\repository\jakarta\xml\bind\jakarta.xml.bind-api\4.0.0\jakarta.xml.bind-api-4.0.0.jar;C:\Users\Laptop\.m2\repository\jakarta\activation\jakarta.activation-api\2.1.2\jakarta.activation-api-2.1.2.jar;C:\Users\Laptop\.m2\repository\net\minidev\json-smart\2.4.11\json-smart-2.4.11.jar;C:\Users\Laptop\.m2\repository\net\minidev\accessors-smart\2.4.11\accessors-smart-2.4.11.jar;C:\Users\Laptop\.m2\repository\org\ow2\asm\asm\9.3\asm-9.3.jar;C:\Users\Laptop\.m2\repository\org\assertj\assertj-core\3.24.2\assertj-core-3.24.2.jar;C:\Users\Laptop\.m2\repository\org\hamcrest\hamcrest\2.2\hamcrest-2.2.jar;C:\Users\Laptop\.m2\repository\org\junit\jupiter\junit-jupiter\5.9.3\junit-jupiter-5.9.3.jar;C:\Users\Laptop\.m2\repository\org\junit\jupiter\junit-jupiter-api\5.9.3\junit-jupiter-api-5.9.3.jar;C:\Users\Laptop\.m2\repository\org\opentest4j\opentest4j\1.2.0\opentest4j-1.2.0.jar;C:\Users\Laptop\.m2\repository\org\junit\platform\junit-platform-commons\1.9.3\junit-platform-commons-1.9.3.jar;C:\Users\Laptop\.m2\repository\org\apiguardian\apiguardian-api\1.1.2\apiguardian-api-1.1.2.jar;C:\Users\Laptop\.m2\repository\org\junit\jupiter\junit-jupiter-params\5.9.3\junit-jupiter-params-5.9.3.jar;C:\Users\Laptop\.m2\repository\org\junit\jupiter\junit-jupiter-engine\5.9.3\junit-jupiter-engine-5.9.3.jar;C:\Users\Laptop\.m2\repository\org\junit\platform\junit-platform-engine\1.9.3\junit-platform-engine-1.9.3.jar;C:\Users\Laptop\.m2\repository\org\mockito\mockito-core\5.3.1\mockito-core-5.3.1.jar;C:\Users\Laptop\.m2\repository\net\bytebuddy\byte-buddy-agent\1.14.5\byte-buddy-agent-1.14.5.jar;C:\Users\Laptop\.m2\repository\org\objenesis\objenesis\3.3\objenesis-3.3.jar;C:\Users\Laptop\.m2\repository\org\mockito\mockito-junit-jupiter\5.3.1\mockito-junit-jupiter-5.3.1.jar;C:\Users\Laptop\.m2\repository\org\skyscreamer\jsonassert\1.5.1\jsonassert-1.5.1.jar;C:\Users\Laptop\.m2\repository\com\vaadin\external\google\android-json\0.0.20131108.vaadin1\android-json-0.0.20131108.vaadin1.jar;C:\Users\Laptop\.m2\repository\org\springframework\spring-core\6.0.11\spring-core-6.0.11.jar;C:\Users\Laptop\.m2\repository\org\springframework\spring-jcl\6.0.11\spring-jcl-6.0.11.jar;C:\Users\Laptop\.m2\repository\org\springframework\spring-test\6.0.11\spring-test-6.0.11.jar;C:\Users\Laptop\.m2\repository\org\xmlunit\xmlunit-core\2.9.1\xmlunit-core-2.9.1.jar;C:\Users\Laptop\.m2\repository\com\h2database\h2\2.1.214\h2-2.1.214.jar;"/>
    <property name="sun.cpu.endian" value="little"/>
    <property name="user.home" value="C:\Users\Laptop"/>
    <property name="user.language" value="es"/>
    <property name="java.specification.vendor" value="Oracle Corporation"/>
    <property name="java.version.date" value="2023-04-18"/>
    <property name="java.home" value="C:\Users\Laptop\.jdks\openjdk-20.0.1"/>
    <property name="file.separator" value="\"/>
    <property name="basedir" value="C:\Users\Laptop\Desktop\universidad-backend-test-unitario\universidad-backend"/>
    <property name="java.vm.compressedOopsMode" value="32-bit"/>
    <property name="line.separator" value="&#10;"/>
    <property name="java.vm.specification.vendor" value="Oracle Corporation"/>
    <property name="java.specification.name" value="Java Platform API Specification"/>
    <property name="FILE_LOG_CHARSET" value="UTF-8"/>
    <property name="java.awt.headless" value="true"/>
    <property name="surefire.real.class.path" value="C:\Users\Laptop\AppData\Local\Temp\surefire4107046141691923501\surefirebooter-20231124155831756_3.jar"/>
    <property name="user.script" value=""/>
    <property name="sun.management.compiler" value="HotSpot 64-Bit Tiered Compilers"/>
    <property name="java.runtime.version" value="20.0.1+9-29"/>
    <property name="user.name" value="Laptop"/>
    <property name="stdout.encoding" value="Cp1252"/>
    <property name="path.separator" value=";"/>
    <property name="os.version" value="10.0"/>
    <property name="java.runtime.name" value="OpenJDK Runtime Environment"/>
    <property name="file.encoding" value="UTF-8"/>
    <property name="java.vm.name" value="OpenJDK 64-Bit Server VM"/>
    <property name="localRepository" value="C:\Users\Laptop\.m2\repository"/>
    <property name="java.vendor.url.bug" value="https://bugreport.java.com/bugreport/"/>
    <property name="java.io.tmpdir" value="C:\Users\Laptop\AppData\Local\Temp\"/>
    <property name="idea.version" value="2023.2.2"/>
    <property name="java.version" value="20.0.1"/>
    <property name="user.dir" value="C:\Users\Laptop\Desktop\universidad-backend-test-unitario\universidad-backend"/>
    <property name="os.arch" value="amd64"/>
    <property name="java.vm.specification.name" value="Java Virtual Machine Specification"/>
    <property name="PID" value="2988"/>
    <property name="sun.os.patch.level" value=""/>
    <property name="CONSOLE_LOG_CHARSET" value="UTF-8"/>
    <property name="native.encoding" value="Cp1252"/>
    <property name="java.library.path" value="C:\Users\Laptop\.jdks\openjdk-20.0.1\bin;C:\WINDOWS\Sun\Java\bin;C:\WINDOWS\system32;C:\WINDOWS;C:\Program Files\Common Files\Oracle\Java\javapath;C:\Windows\system32;C:\Windows;C:\Windows\System32\Wbem;C:\Windows\System32\WindowsPowerShell\v1.0\;C:\Windows\System32\OpenSSH\;C:\Program Files (x86)\NVIDIA Corporation\PhysX\Common;C:\Program Files\NVIDIA Corporation\NVIDIA NvDLISR;C:\WINDOWS\system32;C:\WINDOWS;C:\WINDOWS\System32\Wbem;C:\WINDOWS\System32\WindowsPowerShell\v1.0\;C:\WINDOWS\System32\OpenSSH\;C:\Program Files\Git\cmd;C:\ProgramData\chocolatey\bin;;C:\Program Files\Dart\dart-sdk\bin;C:\Program Files (x86)\Windows Kits\10\Windows Performance Toolkit\;C:\Program Files\nodejs\;C:\Users\Laptop\AppData\Local\Programs\Python\Python312\Scripts\;C:\Users\Laptop\AppData\Local\Programs\Python\Python312\;C:\Program Files\Java\jdk-17\bin;C:\dev\flutter\bin;C:\tools\dart-sdk\bin;C:\Program Files\Java\jdk-17\bin;C:\Users\Laptop\AppData\Local\Microsoft\WindowsApps;C:\Users\Laptop\AppData\Local\Programs\Microsoft VS Code\bin;C:\Users\Laptop\AppData\Local\Pub\Cache\bin;C:\Program Files\JetBrains\IntelliJ IDEA 2023.2.2\bin;;C:\Program Files\JetBrains\IntelliJ IDEA Community Edition 2023.2.2\bin;;C:\Users\Laptop\AppData\Roaming\npm;."/>
    <property name="java.vm.info" value="mixed mode, sharing"/>
    <property name="stderr.encoding" value="Cp1252"/>
    <property name="java.vendor" value="Oracle Corporation"/>
    <property name="java.vm.version" value="20.0.1+9-29"/>
    <property name="sun.io.unicode.encoding" value="UnicodeLittle"/>
    <property name="java.class.version" value="64.0"/>
  </properties>
  <testcase name="buscarAlumnosPorNombreCarrerasinValores" classname="com.universidadbackend.repositorios.AlumnoRepositoryTest" time="0.579">
    <system-out><![CDATA[Hibernate: drop table if exists alumnos cascade 
Hibernate: drop table if exists aulas cascade 
Hibernate: drop table if exists carreras cascade 
Hibernate: drop table if exists empleados cascade 
Hibernate: drop table if exists pabellones cascade 
Hibernate: drop table if exists personas cascade 
Hibernate: drop table if exists profesor_carrera cascade 
Hibernate: drop table if exists profesores cascade 
Hibernate: create table alumnos (carrera_id integer, persona_id integer not null, primary key (persona_id))
Hibernate: create table aulas (cantidad_pupitres integer, id integer generated by default as identity, numero_aula integer not null, pabellon_id integer, fecha_alta timestamp(6), fecha_modificacion timestamp(6), medidas_mtsxmts varchar(255), tipo_pizarron varchar(255) check (tipo_pizarron in ('PIZARRA_TIZA','PIZARRA_BLANCA')), primary key (id))
Hibernate: create table carreras (cantidad_anios integer, cantidad_materias integer, id integer generated by default as identity, fecha_alta timestamp(6), fecha_modificacion timestamp(6), nombre varchar(80) not null unique, primary key (id))
Hibernate: create table empleados (pabellon_id integer unique, persona_id integer not null, sueldo numeric(38,2), tipo_empleado varchar(255) check (tipo_empleado in ('ADMINISTRATIVO','MANTENIMIENTO')), primary key (persona_id))
Hibernate: create table pabellones (id integer generated by default as identity, metros_cuadrados float(53), fecha_alta timestamp(6), fecha_modificacion timestamp(6), calle varchar(255), codigo_postal varchar(255), departamento varchar(255), localidad varchar(255), nombre_pabellon varchar(255) not null unique, numero varchar(255), piso varchar(255), primary key (id))
Hibernate: create table personas (id integer generated by default as identity, fecha_alta timestamp(6), fecha_modificacion timestamp(6), dni varchar(10) not null unique, apellido varchar(60) not null, nombre varchar(60) not null, calle varchar(255), codigo_postal varchar(255), departamento varchar(255), localidad varchar(255), numero varchar(255), piso varchar(255), primary key (id))
Hibernate: create table profesor_carrera (carrera_id integer not null, profesor_id integer not null, primary key (carrera_id, profesor_id))
Hibernate: create table profesores (persona_id integer not null, sueldo numeric(38,2), primary key (persona_id))
Hibernate: alter table if exists alumnos add constraint FKf5oh6efmksfdmbwyhjft54l72 foreign key (carrera_id) references carreras
Hibernate: alter table if exists alumnos add constraint FK6b7jscr4yvynh5e1h33b8w1js foreign key (persona_id) references personas
Hibernate: alter table if exists aulas add constraint FK_PABELLON_ID foreign key (pabellon_id) references pabellones
Hibernate: alter table if exists empleados add constraint FK_PABELLON_ID foreign key (pabellon_id) references pabellones
Hibernate: alter table if exists empleados add constraint FK6elkf383e7tk397yr5eviiph2 foreign key (persona_id) references personas
Hibernate: alter table if exists profesor_carrera add constraint FKd09sufekj7bg4ss3mwv9ub11 foreign key (carrera_id) references carreras
Hibernate: alter table if exists profesor_carrera add constraint FKglvgxyskpuh2ugfcojo14cxjv foreign key (profesor_id) references profesores
Hibernate: alter table if exists profesores add constraint FKbj63bxb4npp4y5mvuufmwg7p7 foreign key (persona_id) references personas
Hibernate: insert into personas (apellido,calle,codigo_postal,departamento,localidad,numero,piso,dni,fecha_alta,fecha_modificacion,nombre,id) values (?,?,?,?,?,?,?,?,?,?,?,default)
Hibernate: insert into alumnos (carrera_id,persona_id) values (?,?)
Hibernate: insert into personas (apellido,calle,codigo_postal,departamento,localidad,numero,piso,dni,fecha_alta,fecha_modificacion,nombre,id) values (?,?,?,?,?,?,?,?,?,?,?,default)
Hibernate: insert into alumnos (carrera_id,persona_id) values (?,?)
Hibernate: insert into personas (apellido,calle,codigo_postal,departamento,localidad,numero,piso,dni,fecha_alta,fecha_modificacion,nombre,id) values (?,?,?,?,?,?,?,?,?,?,?,default)
Hibernate: insert into alumnos (carrera_id,persona_id) values (?,?)
Hibernate: insert into carreras (cantidad_materias,cantidad_anios,fecha_alta,fecha_modificacion,nombre,id) values (?,?,?,?,?,default)
Hibernate: update personas set apellido=?,calle=?,codigo_postal=?,departamento=?,localidad=?,numero=?,piso=?,dni=?,fecha_alta=?,fecha_modificacion=?,nombre=? where id=?
Hibernate: update alumnos set carrera_id=? where persona_id=?
Hibernate: update personas set apellido=?,calle=?,codigo_postal=?,departamento=?,localidad=?,numero=?,piso=?,dni=?,fecha_alta=?,fecha_modificacion=?,nombre=? where id=?
Hibernate: update alumnos set carrera_id=? where persona_id=?
Hibernate: update personas set apellido=?,calle=?,codigo_postal=?,departamento=?,localidad=?,numero=?,piso=?,dni=?,fecha_alta=?,fecha_modificacion=?,nombre=? where id=?
Hibernate: update alumnos set carrera_id=? where persona_id=?
Hibernate: select a1_0.persona_id,a1_1.apellido,a1_1.calle,a1_1.codigo_postal,a1_1.departamento,a1_1.localidad,a1_1.numero,a1_1.piso,a1_1.dni,a1_1.fecha_alta,a1_1.fecha_modificacion,a1_1.nombre,c1_0.id,c1_0.cantidad_materias,c1_0.cantidad_anios,c1_0.fecha_alta,c1_0.fecha_modificacion,c1_0.nombre from alumnos a1_0 join personas a1_1 on a1_0.persona_id=a1_1.id join carreras c1_0 on c1_0.id=a1_0.carrera_id where c1_0.nombre=?
]]></system-out>
  </testcase>
  <testcase name="buscarAlumnosPorNombreCarrera" classname="com.universidadbackend.repositorios.AlumnoRepositoryTest" time="0.019">
    <system-out><![CDATA[Hibernate: insert into personas (apellido,calle,codigo_postal,departamento,localidad,numero,piso,dni,fecha_alta,fecha_modificacion,nombre,id) values (?,?,?,?,?,?,?,?,?,?,?,default)
Hibernate: insert into alumnos (carrera_id,persona_id) values (?,?)
Hibernate: insert into personas (apellido,calle,codigo_postal,departamento,localidad,numero,piso,dni,fecha_alta,fecha_modificacion,nombre,id) values (?,?,?,?,?,?,?,?,?,?,?,default)
Hibernate: insert into alumnos (carrera_id,persona_id) values (?,?)
Hibernate: insert into personas (apellido,calle,codigo_postal,departamento,localidad,numero,piso,dni,fecha_alta,fecha_modificacion,nombre,id) values (?,?,?,?,?,?,?,?,?,?,?,default)
Hibernate: insert into alumnos (carrera_id,persona_id) values (?,?)
Hibernate: insert into carreras (cantidad_materias,cantidad_anios,fecha_alta,fecha_modificacion,nombre,id) values (?,?,?,?,?,default)
Hibernate: update personas set apellido=?,calle=?,codigo_postal=?,departamento=?,localidad=?,numero=?,piso=?,dni=?,fecha_alta=?,fecha_modificacion=?,nombre=? where id=?
Hibernate: update alumnos set carrera_id=? where persona_id=?
Hibernate: update personas set apellido=?,calle=?,codigo_postal=?,departamento=?,localidad=?,numero=?,piso=?,dni=?,fecha_alta=?,fecha_modificacion=?,nombre=? where id=?
Hibernate: update alumnos set carrera_id=? where persona_id=?
Hibernate: update personas set apellido=?,calle=?,codigo_postal=?,departamento=?,localidad=?,numero=?,piso=?,dni=?,fecha_alta=?,fecha_modificacion=?,nombre=? where id=?
Hibernate: update alumnos set carrera_id=? where persona_id=?
Hibernate: select a1_0.persona_id,a1_1.apellido,a1_1.calle,a1_1.codigo_postal,a1_1.departamento,a1_1.localidad,a1_1.numero,a1_1.piso,a1_1.dni,a1_1.fecha_alta,a1_1.fecha_modificacion,a1_1.nombre,c1_0.id,c1_0.cantidad_materias,c1_0.cantidad_anios,c1_0.fecha_alta,c1_0.fecha_modificacion,c1_0.nombre from alumnos a1_0 join personas a1_1 on a1_0.persona_id=a1_1.id join carreras c1_0 on c1_0.id=a1_0.carrera_id where c1_0.nombre=?
]]></system-out>
  </testcase>
</testsuite>